gpg-pubkey-eb10b464-6202d9c6 1644353990 0 (none) installed
libgcc-13.2.1-1.fc38.x86_64 1690564036 235724 752789f22c83ed871d1e099369ce373f installed
crypto-policies-20230301-1.gita12f7b2.fc38.noarch 1678127655 146211 484a2711382ebd87b68125230f335202 installed
fedora-release-identity-basic-38-36.noarch 1685471539 668 6162ce2948003f0f8fab881c6890e256 installed
tzdata-2023c-1.fc38.noarch 1680101348 1712794 1fe70eb6020287ad65b1903a17cb8fff installed
rust-srpm-macros-24-5.fc38.noarch 1692310440 4847 5c56e0fb1e9d04674622c45a403bf3ec installed
qt5-srpm-macros-5.15.10-1.fc38.noarch 1686640388 492 ff4b9f500732e9a2e5852e17f149be9f installed
pyproject-srpm-macros-1.9.0-1.fc38.noarch 1685694523 1514 fb7638394562fea84a5b6d8844e9d430 installed
publicsuffix-list-dafsa-20230812-1.fc38.noarch 1692137166 68269 28d7e509bddf01c0b4bf8d9a6c93b65a installed
package-notes-srpm-macros-0.5-8.fc38.noarch 1684608914 1631 24cbc5c04ca018d9a191af751ee2f471 installed
libssh-config-0.10.5-1.fc38.noarch 1683825403 277 0088aa282e90148a7d8f0c16e20f8744 installed
kernel-srpm-macros-1.0-19.fc38.noarch 1687447718 1956 4320f1069082f2ed5ee6b0912bd6477e installed
coreutils-common-9.1-12.fc38.x86_64 1683237352 11297071 876d48d6dafd9ccde89362d70776485a installed
ansible-srpm-macros-1-10.fc38.noarch 1684169036 36400 53f715a986e7186b67a34a40720f0ffe installed
pkgconf-m4-1.8.0-6.fc38.noarch 1677067829 14187 b8f055e84cfb302be12196b064ac0931 installed
perl-srpm-macros-1-48.fc38.noarch 1674202410 861 538dfec92e8572c2bdfa84c5ca3b9f7a installed
pcre2-syntax-10.42-1.fc38.1.noarch 1674179550 240727 8b791db8cd46b8e910a5472d7bfa732c installed
openblas-srpm-macros-2-13.fc38.noarch 1674173387 104 f3bcba93297505c3a5ea68abaeedec47 installed
ocaml-srpm-macros-7-3.fc38.noarch 1674172037 19724 ec8300f64928f7f9d8219fcc7a094822 installed
ncurses-base-6.4-3.20230114.fc38.noarch 1674172884 321488 0da5e69bf91644ea9cbb35fe3382be67 installed
gnat-srpm-macros-6-2.fc38.noarch 1674106004 1019 d5f4682530e54cfd11591998ce948cf9 installed
ghc-srpm-macros-1.6.1-1.fc38.noarch 1675053157 369 dc9511c1dd6b4faf6faf0636298e9e8d installed
fpc-srpm-macros-1.3-7.fc38.noarch 1674100538 144 ba95b7fa7e71dc971c4c6628818923aa installed
fedora-gpg-keys-38-1.noarch 1680872335 123599 d8e1d63de2edac3f1af3e75aa03758a9 installed
fedora-release-38-36.noarch 1685471539 0 f4e0c11c8aca3d7a98c16b1a2a0de960 installed
fedora-repos-38-1.noarch 1680872335 4597 9918d9a72e88891017cae88a9ee9b141 installed
fedora-release-common-38-36.noarch 1685471539 17464 49f6d56ba32825835debe54a65f76ae4 installed
setup-2.14.3-2.fc38.noarch 1674271509 737479 417e2fdee8b294552d528fcd176f0242 installed
filesystem-3.18-3.fc38.x86_64 1674099225 106 359a4ccdbffaf1a60bdd9a1e9fa40acc installed
basesystem-11-15.fc38.noarch 1674082093 0 cd4aa885e68aa7ceea5c63e81f511a4e installed
bash-5.2.15-3.fc38.x86_64 1675674043 8576146 111fcbb8808f49dd866d2a50ffa5065c installed
ncurses-libs-6.4-3.20230114.fc38.x86_64 1674172898 1023375 23a2d76d434fc7525007cc7a3ca89077 installed
glibc-common-2.37-4.fc38.x86_64 1682699516 1052273 7a62049fe495e7f895b9e8b5f4a5b704 installed
glibc-gconv-extra-2.37-4.fc38.x86_64 1682699516 8244868 57abdeb7f66da41e423fb5f5d2f499d9 installed
glibc-minimal-langpack-2.37-4.fc38.x86_64 1682699516 0 c702103f7d4b328df4419a9625be4112 installed
glibc-2.37-4.fc38.x86_64 1682699516 6731035 02913e028a11e13a93419671a31a39b1 installed
zlib-1.2.13-3.fc38.x86_64 1674289566 211939 9428cb3643ecae138445f5911f57fb7a installed
xz-libs-5.4.1-1.fc38.x86_64 1674467882 215517 f273afb45f92b709e86fb977cd7f66af installed
bzip2-libs-1.0.8-13.fc38.x86_64 1674085071 82956 b1ecabbcd3ba121590552616bd946b89 installed
libzstd-1.5.5-1.fc38.x86_64 1680697959 791950 6852c1fd4d4b86c08f777d6db4b6a1fa installed
elfutils-libelf-0.189-3.fc38.x86_64 1688422463 1031665 d3e17e99b392ed881052f6b2bf696832 installed
libuuid-2.38.1-4.fc38.x86_64 1674281245 38773 147cd53885112e6c6e40de0823a4e58d installed
popt-1.19-2.fc38.x86_64 1674209762 140554 02e71c5ef45b98abd2fd0302dd45f411 installed
libstdc++-13.2.1-1.fc38.x86_64 1690564036 2843532 47765830e10c83a31ff08175a958ffbb installed
libblkid-2.38.1-4.fc38.x86_64 1674281245 235561 f98ae28a366b67be86cf29fe5d63a750 installed
gmp-1:6.2.1-4.fc38.x86_64 1674106204 819679 fb9b5ee66e9972bb75c7201014acc106 installed
libattr-2.5.1-6.fc38.x86_64 1674081312 29613 f3b8c83d13ce4eee50134c6613aefeab installed
libacl-2.3.1-6.fc38.x86_64 1675084646 41378 379a77e53ec138a4bd7b8d62973d789b installed
libcap-2.48-6.fc38.x86_64 1674147447 182479 14dbdc4e14f38db218ced9a048316158 installed
readline-8.2-3.fc38.x86_64 1674247147 506125 00f1148d27d3a583e1f8ed7affb1af91 installed
libxcrypt-4.4.36-1.fc38.x86_64 1688580600 273813 73b03e1bd89fcf25a3fde06d3624299d installed
libeconf-0.4.0-5.fc38.x86_64 1674148263 46339 c5b4afbf1bdb25f36a794d77d1876ae2 installed
lz4-libs-1.9.4-2.fc38.x86_64 1674162976 137315 94a801ce32380920fcb03cfe2b96bacf installed
systemd-libs-253.7-1.fc38.x86_64 1689611917 1911792 d6f43b9bb3d32b305f531ab2c56b81d2 installed
mpfr-4.1.1-3.fc38.x86_64 1674171531 2075757 de2fda20c3838b9badf9c16f721bf94d installed
dwz-0.15-2.fc38.x86_64 1674094890 291172 f17668fde744d8097e4dbbbb05e59ae2 installed
unzip-6.0-60.fc38.x86_64 1674649943 402971 7284e5b1c482a065e64055481b86704a installed
file-libs-5.44-3.fc38.x86_64 1678880695 10065041 40b633284210afdf71834d1cd1c0b1e6 installed
file-5.44-3.fc38.x86_64 1678880695 105594 cfa7e6e5755cadf83639df2abe240bb7 installed
sqlite-libs-3.40.1-2.fc38.x86_64 1674274148 1403266 415886a2adae3019eee50381a5986261 installed
libcap-ng-0.8.3-5.fc38.x86_64 1674147466 78220 398f4d1715181fd7fa61e746bda8b2d3 installed
audit-libs-3.1.2-1.fc38.x86_64 1691355786 315505 6879ed0133fb3b334d45bf1b1b611338 installed
pam-libs-1.5.2-16.fc38.x86_64 1674178868 143607 0430630bb2d3d8b02185bb633752a446 installed
libcom_err-1.46.5-4.fc38.x86_64 1674095064 69225 41e953fe5ef13c1ee24c7abfd1f40858 installed
libsepol-3.5-1.fc38.x86_64 1677245351 780971 865c6d3cbc893114e8cb1fd247985d23 installed
libsmartcols-2.38.1-4.fc38.x86_64 1674281245 140387 44a6e81fd79c78640b65c99b8939aa71 installed
libunistring1.0-1.0-1.fc38.x86_64 1674613554 1816443 1c312f1a09c24c6ce7ca68547b3831ba installed
libidn2-2.3.4-2.fc38.x86_64 1674149891 507585 138dcea901718f355e3e614497de1b8e installed
lua-libs-5.4.4-9.fc38.x86_64 1676407115 297515 d3f02bd5dd9093e07132d4969f34e28a installed
pcre2-10.42-1.fc38.1.x86_64 1674179549 647250 86942da4c9a69644eff660a8cbcfa048 installed
libselinux-3.5-1.fc38.x86_64 1677246238 182053 35830735eaf3ecdbd721aea5ae89ab68 installed
sed-4.8-12.fc38.x86_64 1674272136 817831 5b0210efb7735ed0d6acf6a6cbd3f35f installed
grep-3.8-3.fc38.x86_64 1674128316 1014471 e8e915a80ec7ede0f7b4738e772b7ddb installed
findutils-1:4.9.0-3.fc38.x86_64 1674099292 1537646 82211ab9bc38f27032d3c460473ac374 installed
xz-5.4.1-1.fc38.x86_64 1674467882 1148230 0bdacb1e24653cce395a92a61fc73cbe installed
libmount-2.38.1-4.fc38.x86_64 1674281245 320053 4e9fa65a2ee145f089f7dc9ed59db636 installed
alternatives-1.25-1.fc38.x86_64 1690977866 63958 7578caf1d4d2a49fd62654bf4f6be1dc installed
util-linux-core-2.38.1-4.fc38.x86_64 1674281245 1361069 608a0c09669d0c523ca20121866042fa installed
libsemanage-3.5-2.fc38.x86_64 1679678382 304214 a1c1d5c0ff0cdeeeb9e57af945dcc6b3 installed
shadow-utils-2:4.13-6.fc38.x86_64 1679390545 4143531 caa2d64f08f4f6611da5e39850f79193 installed
libutempter-1.2.1-8.fc38.x86_64 1674157885 59689 3f4eb581139a6d59631aade2862591a6 installed
tar-2:1.34-8.fc38.x86_64 1679405798 3159793 4503d2e4afbe6eceb64f3de4c4c9f0e0 installed
libpsl-0.21.2-2.fc38.x86_64 1674153727 82952 ce8ba3df0691e63b158ab31cc79a4c23 installed
zip-3.0-36.fc38.x86_64 1674289399 725295 7982c3a988ebe927dd1ff0c0a67f82a1 installed
zstd-1.5.5-1.fc38.x86_64 1680697959 1709125 57c2fcba581985375dae6b38123ded41 installed
libfdisk-2.38.1-4.fc38.x86_64 1674281245 389123 1115d3f910c0368f770aca26407a5792 installed
bzip2-1.0.8-13.fc38.x86_64 1674085071 94357 3fb7025dc7ab0d7de9980ca8a5554a85 installed
libxml2-2.10.4-1.fc38.x86_64 1681377965 1875000 ef76905c2a7512456558650168a88526 installed
cpio-2.13-14.fc38.x86_64 1674089954 1088326 ee2d92c767cc30d71736c2f44c546c77 installed
ed-1.19-2.fc38.x86_64 1674095352 143902 9b61434297bb8fb19d2262b4656e0508 installed
patch-2.7.6-19.fc38.x86_64 1675328683 261554 6c193119e71ba56e1e5998d31a75baa8 installed
gdbm-libs-1:1.23-3.fc38.x86_64 1674103373 128722 26f92248bee68d18d84d8e6d090378ae installed
cyrus-sasl-lib-2.1.28-9.fc38.x86_64 1674091352 2446618 83fc69be7c04bff97ced5a497659df21 installed
jansson-2.13.1-6.fc38.x86_64 1674136116 86828 88443cb10a20db1a7283d04ab5341bc4 installed
keyutils-libs-1.6.1-6.fc38.x86_64 1674139816 55977 9cfaa83429e26fa7f7adf5b15e4adb72 installed
libbrotli-1.0.9-11.fc38.x86_64 1674084473 784882 142165b0ca1ad7cec75ef4bfc51008c4 installed
libdb-5.3.28-55.fc38.x86_64 1674147988 1922862 50698941bccd2623d1910eda4968c7ff installed
libffi-3.4.4-2.fc38.x86_64 1674148556 71632 bb24994078dca88c4aa8078b4c5ace71 installed
p11-kit-0.25.0-1.fc38.x86_64 1690184207 2435491 cd15875833bfc508cbf2f5851d887488 installed
libnghttp2-1.52.0-1.fc38.x86_64 1676368736 179236 963a24d107538bd1f2d9fd4a7167fbc0 installed
libpkgconf-1.8.0-6.fc38.x86_64 1677067828 76233 0062edcc16a01cef8f0c191bd0dd8198 installed
pkgconf-1.8.0-6.fc38.x86_64 1677067828 81643 8a509255ebeb8d7e1f15fc931e499400 installed
pkgconf-pkg-config-1.8.0-6.fc38.x86_64 1677067828 989 c62fe1d68778481ed4a404c13a5cd267 installed
libsigsegv-2.14-4.fc38.x86_64 1674155389 50849 3eeb91f9858426840ed76b0d4b570fdf installed
gawk-5.1.1-5.fc38.x86_64 1674504607 1716098 e95a93ab1dc98ff5a11aa5ca176522e9 installed
libtasn1-4.19.0-2.fc38.x86_64 1674156773 180396 c92714b4b698b851ee5a9ff2709104df installed
p11-kit-trust-0.25.0-1.fc38.x86_64 1690184207 471804 9d3f42089e015fc2718e129520103265 installed
openssl-libs-1:3.0.9-2.fc38.x86_64 1690452094 6695570 a171682320f99e4ca956abaa3358b79c installed
coreutils-9.1-12.fc38.x86_64 1683237352 5828674 3157e3d06fbddec4d0d9fe452a32c391 installed
ca-certificates-2023.2.60-2.fc38.noarch 1674242190 2395522 7c4a38a5664306182224b6fe9a0456ec installed
authselect-libs-1.4.2-2.fc38.x86_64 1674081505 1001232 3d8fba21bb54a0b2e4ee0ff4df60069a installed
gzip-1.12-3.fc38.x86_64 1674130608 381653 55b69e0362b15a75e1affe4ef8c2283f installed
rpm-sequoia-1.4.1-1.fc38.x86_64 1687899575 2309110 6a368240c1ad248676d24be11d3075fb installed
rpm-libs-4.18.1-3.fc38.x86_64 1682487327 775116 d9dc8c6c07927b12382b841fdb2fc196 installed
cracklib-2.9.11-1.fc38.x86_64 1689036560 253291 194a7fa46b85fd20ef658d680f4a1374 installed
libpwquality-1.4.5-3.fc38.x86_64 1675292291 428938 4f692ebf02f25f0f2f40df22a6f10826 installed
authselect-1.4.2-2.fc38.x86_64 1674081505 155087 8198c210843ac628c6d5be998d134693 installed
libarchive-3.6.1-4.fc38.x86_64 1674147069 929912 7dc930bde8a1b597ee37a41d922449c9 installed
libevent-2.1.12-8.fc38.x86_64 1674148490 925922 3768c73aa2234fc1eddff4ffcc015a16 installed
openldap-2.6.4-1.fc38.x86_64 1678233022 655011 300ee09bf26d166b13236559c1b76686 installed
libverto-0.3.2-5.fc38.x86_64 1674158149 30565 60f99944e108970534fe0927dc0e9e13 installed
krb5-libs-1.21-3.fc38.x86_64 1691493431 2489394 bb23ed4f88977eb9cad87284b04f0a09 installed
libtirpc-1.3.3-1.rc2.fc38.x86_64 1691424251 208154 3214aafa686db24f5fae8ab2e87ffc83 installed
libnsl2-2.0.0-5.fc38.x86_64 1674152253 59726 6ebf96880156135ed4f1cfe10b047094 installed
pam-1.5.2-16.fc38.x86_64 1674178868 1880257 25ae59e5cd3672185dd0ce5dae41fae4 installed
libssh-0.10.5-1.fc38.x86_64 1683825401 525813 426622ccd3bfd3e0dfcc6765b72590c0 installed
libcurl-8.0.1-3.fc38.x86_64 1689849105 720670 0362e0f63d0c11032f9025a58940baaf installed
curl-8.0.1-3.fc38.x86_64 1689849105 787824 d56d02ae41a01d6c569ec10a56eb778e installed
rpm-4.18.1-3.fc38.x86_64 1682487327 2929936 ad07db41cc71fb215d7f21ab5c9c8790 installed
efi-srpm-macros-5-7.fc38.noarch 1674095663 41111 7bad69506aa009c2ca499e2dfc691620 installed
lua-srpm-macros-1-8.fc38.noarch 1674157757 1314 f330294c0807ea9776f966918bdf9e6a installed
rpmautospec-rpm-macros-0.3.5-1.fc38.noarch 1675886258 707 5907a911b622c063e95a4d7ec9675bd0 installed
fonts-srpm-macros-1:2.0.5-11.fc38.noarch 1674100283 56610 3ef35597e13637297be8cdf1ca97eccc installed
go-srpm-macros-3.2.0-2.fc38.noarch 1674107685 60838 581bf139933eaa36c5777d7cb859bd6a installed
python-srpm-macros-3.11-10.fc38.noarch 1679067973 51297 3fdcfe9c43b71023e3ebd152cf5616b4 installed
redhat-rpm-config-252-1.fc38.noarch 1677609915 197463 77dcedca6b1231ad6fa8950018a63044 installed
diffutils-3.10-1.fc38.x86_64 1688042775 1647818 dcb98d53cf9de768d60e0b025c35140c installed
libgomp-13.2.1-1.fc38.x86_64 1690564036 493807 f21333164cdbc2e8de41887467d4e8f2 installed
xxhash-libs-0.8.2-1.fc38.x86_64 1690057137 90814 671f43fee54bdb2786ffadd1558536c5 installed
elfutils-default-yama-scope-0.189-3.fc38.noarch 1688422425 1810 3ba0eea1f20377a584226c0013342228 installed
elfutils-libs-0.189-3.fc38.x86_64 1688422463 695229 eb81f97ef8f0f1616e64d9b886a3212e installed
elfutils-debuginfod-client-0.189-3.fc38.x86_64 1688422463 62738 4651aa0211cfd30c20ca55962211be1e installed
binutils-gold-2.39-9.fc38.x86_64 1674083011 2239771 73d4ccf4d304e9f48713a3769d2111a9 installed
binutils-2.39-9.fc38.x86_64 1674083011 25390036 02ec8952a3d5cca93d43dfd3de7af98d installed
elfutils-0.189-3.fc38.x86_64 1688422463 2868938 e44e96faf7ca72969cabdfd95ec76fd1 installed
gdb-minimal-13.2-3.fc38.x86_64 1691459257 13770376 48c9b8cf6eeb3cc5b944aeee3ca8673a installed
debugedit-5.0-9.fc38.x86_64 1689073561 204322 3b6ee079eedae52359f2059fdd1b6962 installed
rpm-build-libs-4.18.1-3.fc38.x86_64 1682487327 207726 ecc8a5bf9dd98420efd71158ccb7ffc7 installed
rpm-build-4.18.1-3.fc38.x86_64 1682487327 186278 545ad31e77c8270dcc7bc8dffe19bd9f installed
util-linux-2.38.1-4.fc38.x86_64 1674281245 11602941 ef47d534b23b72a59eb8317d4b7a122b installed
which-2.21-39.fc38.x86_64 1678272954 82412 25854794ac4db5e418d6527e21bfc713 installed
info-7.0.2-2.fc38.x86_64 1677148244 379374 36a2e01f5efdd5a84dbb046af4a481d1 installed
cmake-filesystem-3.27.3-1.fc38.x86_64 1692260987 0 8f522b1a9cd10694cf71b1f1ef0bf185 installed
libmpc-1.3.1-2.fc38.x86_64 1674151497 169564 a49c279be3f4746375d917227fdd7764 installed
libedit-3.1-45.20221030cvs.fc38.x86_64 1674148175 258966 adcc6654dbc12db266008db9341243b1 installed
llvm-libs-16.0.6-2.fc38.x86_64 1691412543 123718752 f24c452911c408843f30255cee3a3a75 installed
libstdc++-devel-13.2.1-1.fc38.x86_64 1690564036 14822373 08daf0adf4d88457cd76c1995a9152ab installed
postgresql-private-libs-15.1-2.fc38.x86_64 1674210457 352564 f585a299f5dc86fe2d8827cb8207de63 installed
expat-2.5.0-2.fc38.x86_64 1674097663 282645 6f5dc247b59d967e9876932b2553d57d installed
cpp-13.2.1-1.fc38.x86_64 1690564036 32425758 a9faa4840b9e40fd01b636f0d8ae2b37 installed
python-pip-wheel-22.3.1-3.fc38.noarch 1690973087 1538586 e0a15d0d4cd3e1f705721d2f063680e3 installed
openssl-devel-1:3.0.9-2.fc38.x86_64 1690452094 4324400 81d1288dfc1dbe789db0b30699a2fe7c installed
postgresql-private-devel-15.1-2.fc38.x86_64 1674210457 194326 b118d38047cc51bebd87bf02c98ab4e7 installed
openssh-9.0p1-17.fc38.x86_64 1690555611 1820804 a2717c6e82ce4d4559de86a87e7a9dbc installed
llvm-static-16.0.6-2.fc38.x86_64 1691412543 263299765 1a039c4f631355221f2ea64a925d7c24 installed
libxslt-1.1.38-1.fc38.x86_64 1683554648 489071 3c003b64f82146a61646aae590f819a3 installed
libkadm5-1.21-3.fc38.x86_64 1691493431 223894 441052a6759868210f3e8864a3cd318c installed
libgpg-error-1.47-1.fc38.x86_64 1681216759 897854 82fda769b12fa7f52ddc2cd3f7a6e380 installed
libgpg-error-devel-1.47-1.fc38.x86_64 1681216759 239802 657fae6862ccbc7c8a95536931116f05 installed
less-633-1.fc38.x86_64 1683808559 397699 2a4c83f13e0c6fa3372b8a7a9973879d installed
kernel-headers-6.4.4-200.fc38.x86_64 1689782790 6217679 19a3ef278837ed79d30439a7b01bcb21 installed
glibc-headers-x86-2.37-4.fc38.noarch 1682699530 2222358 becd7ff8cb8057dce647fc544a20f13c installed
libxcrypt-devel-4.4.36-1.fc38.x86_64 1688580600 30995 b903c4f631f328d57882e1a354a1ba80 installed
glibc-devel-2.37-4.fc38.x86_64 1682699516 90776 4408126cdb07d8f33605257e70b820b5 installed
emacs-filesystem-1:28.2-7.fc38.noarch 1685960304 0 7c2df25ffadbf8bce04bacbe2d641d37 installed
clang-resource-filesystem-16.0.6-2.fc38.x86_64 1689341979 0 2d67503eef946491df6da3d867c4b279 installed
clang-libs-16.0.6-2.fc38.x86_64 1689341979 119410659 e51b83728155184a8b3b7811c2e6f06d installed
annobin-docs-12.23-1.fc38.noarch 1690883253 97001 ddca73a292be251b3bbff0d21bc147bd installed
zlib-devel-1.2.13-3.fc38.x86_64 1674289566 142482 2a7690df1338c65b29d15ee3f1f5a4d0 installed
xz-devel-5.4.1-1.fc38.x86_64 1674467882 243780 4382d3b1ef2c2a353217ee64e8c78dda installed
libxml2-devel-2.10.4-1.fc38.x86_64 1681377965 3580396 2e0b00b2d9d1be56bc58c86cee065d05 installed
python-setuptools-wheel-65.5.1-2.fc38.noarch 1674569230 880927 a55e1f27ec8c914ae423be1feb77a673 installed
pcre2-utf32-10.42-1.fc38.1.x86_64 1674179549 553096 95bf3ed2182ace7ff79ac91bfd3d8dd7 installed
pcre2-utf16-10.42-1.fc38.1.x86_64 1674179549 581968 2c6414af871471b08d388279543a1adb installed
pcre2-devel-10.42-1.fc38.1.x86_64 1674179549 1987359 98c386852adfee2d8c447760bf84b929 installed
ncurses-c++-libs-6.4-3.20230114.fc38.x86_64 1674172898 167050 7696858a5027f8dbc9352ab276de9294 installed
ncurses-devel-6.4-3.20230114.fc38.x86_64 1674172898 884551 241090213a1f84fbd996452920c3e5a7 installed
libedit-devel-3.1-45.20221030cvs.fc38.x86_64 1674148175 60383 81893d995619cad4ca3390ee605ae0d0 installed
ncurses-6.4-3.20230114.fc38.x86_64 1674172898 632286 5525ce4a10ed2b526d396acc6dfe5a68 installed
mpdecimal-2.5.1-6.fc38.x86_64 1674568050 207015 6313191d6f58dacda462407c794d40ca installed
m4-1.4.19-5.fc38.x86_64 1676909414 599694 6ed1322834863438e15a6fa48b4c7cf6 installed
libverto-devel-0.3.2-5.fc38.x86_64 1674158149 26313 a70f13db46e99a198e0b4ca6b64b5152 installed
libtool-ltdl-2.4.7-6.fc38.x86_64 1674157320 68200 7f130c529059cc6afc2568cc7a75b76d installed
libsepol-devel-3.5-1.fc38.x86_64 1677245351 122687 57af39e36da7a8bdab2605548946770b installed
libselinux-devel-3.5-1.fc38.x86_64 1677246238 129020 9a2b2fd6ed09b7bd8b507d0e99322b89 installed
libicu-72.1-2.fc38.x86_64 1674133944 37236655 33cb0f2d9b96753fd79c15cedb97b68c installed
libicu-devel-72.1-2.fc38.x86_64 1674133944 5746510 89eac86b65c3eaf26c6f67d5fc48b8b6 installed
libcom_err-devel-1.46.5-4.fc38.x86_64 1674095064 17068 73996670e3d751408d91cf78b7ce9874 installed
libcbor-0.7.0-9.fc38.x86_64 1674147444 100129 06c9674d2f6053d161e0f9e96b286001 installed
libfido2-1.12.0-3.fc38.x86_64 1674148646 239567 8c0702f2e66b948ea8bbd3248120ca18 installed
openssh-clients-9.0p1-17.fc38.x86_64 1690555611 2134764 bd7a4e637357563a077b1ef3c36c0690 installed
git-core-2.41.0-1.fc38.x86_64 1686193786 21045939 2db40120854e148aefa9a90f924857e3 installed
git-core-doc-2.41.0-1.fc38.noarch 1686193791 17251475 f3848ebe9c3fadd8cfc62946bd1c109c installed
libb2-0.98.1-8.fc38.x86_64 1674147259 43574 2ebc293dbf7b7b017595a2de134bbc41 installed
python3-3.11.4-1.fc38.x86_64 1686661925 33706 6110bcc0754809281ad549223804242d installed
python3-libs-3.11.4-1.fc38.x86_64 1686661925 46417775 7b56823d3a0c69010e71414dbd6c9c6c installed
llvm-16.0.6-2.fc38.x86_64 1691412543 116318991 9519aa66e0e0e91d38f6dba7aa337fca installed
llvm-test-16.0.6-2.fc38.x86_64 1691412543 1955126 5bfe46c06e76aa60d5b0f9ca3bee5815 installed
llvm-devel-16.0.6-2.fc38.x86_64 1691412543 23993848 26732b904b01c62fc3cb5b5f86735689 installed
clang-tools-extra-16.0.6-2.fc38.x86_64 1689341979 91180814 8cc64a93c8be84a6bc2367029a8446be installed
keyutils-libs-devel-1.6.1-6.fc38.x86_64 1674139816 46820 28bf60d4cb0daaec6b2f28460cf3e628 installed
krb5-devel-1.21-3.fc38.x86_64 1691493431 723541 22e9e6fec3a662a134c3a5bf6cfe4919 installed
groff-base-1.22.4-11.fc38.x86_64 1674128557 4031068 61235cbe10a654fa3e5fc0194f5c0898 installed
perl-Digest-1.20-490.fc38.noarch 1674181310 36060 7001f52672126f45c998e26b15bf68c4 installed
perl-Digest-MD5-2.58-490.fc38.x86_64 1674181965 61230 1a63f47efb8476bf42c5b4d80f5a4908 installed
perl-B-0:1.83-497.fc38.x86_64 1684234323 517646 cc514d0fae4ace184194406fc4a9e839 installed
perl-FileHandle-0:2.03-497.fc38.noarch 1684234326 10530 36cc951abdbef289ac710d9f1d1653c1 installed
perl-Data-Dumper-2.184-491.fc38.x86_64 1674181651 114438 e20290475cb5b3ad79d5ef47e4ccd015 installed
perl-libnet-3.15-1.fc38.noarch 1679407151 295892 4218acf1b5af65be26286bfdda869ba8 installed
perl-AutoLoader-0:5.74-497.fc38.noarch 1684234326 22037 8a8697334e950d5a8ad1961dec4033c2 installed
perl-base-0:2.27-497.fc38.noarch 1684234326 13820 d6bb038e5355211efff9fca222321a33 installed
perl-URI-5.17-2.fc38.noarch 1674199970 221186 e7d24d033c536dd0ca47c7e89ab8d8e0 installed
perl-Time-Local-2:1.300-490.fc38.noarch 1674199476 67019 52f05499dee5c74cb3600b3a1a55a0eb installed
perl-Mozilla-CA-20221114-2.fc38.noarch 1674189621 6187 70e47a22d319ff1b1c61bd65bafd8dea installed
perl-Text-Tabs+Wrap-2023.0511-1.fc38.noarch 1683796815 23928 e8b79264450cbf07a5487e2dd7b03a77 installed
perl-if-0:0.61.000-497.fc38.noarch 1684234326 6896 6dd974fea363064f32b7996aeb37742d installed
perl-locale-0:1.10-497.fc38.noarch 1684234326 7370 bb21c03e10008f06922779b9339c7a7c installed
perl-IO-Socket-IP-0.41-492.fc38.noarch 1679659427 99928 4b365db64af131a26981b22e7550d7ef installed
perl-File-Path-2.18-490.fc38.noarch 1674182202 65002 ff92b9d6511429c51073cf7c5cca9ee8 installed
perl-IO-Socket-SSL-2.081-1.fc38.noarch 1674656484 640133 07f78c47d83b4a2bab2f5e918b4d4b00 installed
perl-Net-SSLeay-1.92-5.fc38.x86_64 1674190704 1301180 c052d0b61600c1c9cd02bb724d19d46a installed
perl-Pod-Escapes-1:1.07-490.fc38.noarch 1674192927 25476 7697a59f4a9e309cd5dcac4d16726c47 installed
perl-Term-ANSIColor-5.01-491.fc38.noarch 1674195981 99819 a82ed37493e7dd620439e41769441020 installed
perl-Class-Struct-0:0.66-497.fc38.noarch 1684234326 26954 aeecfa9070d358d9c490f1c4536cf6b6 installed
perl-POSIX-0:2.03-497.fc38.x86_64 1684234323 251038 a3c61ce88d477b3b1cc649278b67f60a installed
perl-IPC-Open3-0:1.22-497.fc38.noarch 1684234326 24966 f66f7f2ffa83f54259282aa8331c9a92 installed
perl-File-Temp-1:0.231.100-490.fc38.noarch 1674182290 166172 3740cda9395e2cfdde15bb0da03e866f installed
perl-HTTP-Tiny-0.086-2.fc38.noarch 1691063033 155588 d91f295910d15d9f8a9981227f014447 installed
perl-Term-Cap-1.18-1.fc38.noarch 1676291596 29957 8bd8e4832aaf750a38d64572ef1d07a1 installed
perl-Pod-Simple-1:3.43-491.fc38.noarch 1674193751 570852 7724454f70d2368f9dededd18dd39bb2 installed
perl-Socket-4:2.036-2.fc38.x86_64 1674194583 129600 1f135d7a40f9bac3e93e1021a24eead4 installed
perl-SelectSaver-0:1.02-497.fc38.noarch 1684234326 3171 695bb8dcae9229fdf89e3192f4295b0c installed
perl-Symbol-0:1.09-497.fc38.noarch 1684234326 7954 3311aa52eed3918ae1f6c9d782135c13 installed
perl-File-stat-0:1.12-497.fc38.noarch 1684234326 13946 03aa83a4cb45bdf8f5ed6bb08ab12d22 installed
perl-podlators-1:5.01-2.fc38.noarch 1674202437 315480 22b10448fd892734fe01e47ac34dceb8 installed
perl-Pod-Perldoc-3.28.01-491.fc38.noarch 1674193000 166968 121ed576aa66a2ddefc5cdf60bfd8364 installed
perl-Text-ParseWords-3.31-490.fc38.noarch 1674198816 13839 58414215bbb0da56b879623e47dd2a25 installed
perl-Fcntl-0:1.15-497.fc38.x86_64 1684234323 30517 752b64cb42fd48a6d3f15aa00611310d installed
perl-mro-0:1.26-497.fc38.x86_64 1684234323 43852 beab397e03680a686068aeae38cb0788 installed
perl-IO-0:1.50-497.fc38.x86_64 1684234323 165615 03af493642a9048052e0a34a22bb1995 installed
perl-overloading-0:0.02-497.fc38.noarch 1684234326 5894 08a88795bf6cf8eb40895634b5cc6332 installed
perl-Pod-Usage-4:2.03-4.fc38.noarch 1674193401 86712 4fbe47ff56e425773025ba381b5146b5 installed
perl-MIME-Base64-3.16-490.fc38.x86_64 1674186623 47581 d24c823a13ee766389d3a6f8622c2e10 installed
perl-Scalar-List-Utils-5:1.63-490.fc38.x86_64 1674194278 149405 0474aa40f51a4e2ea0c2749a6df190cd installed
perl-constant-1.33-491.fc38.noarch 1674201818 26840 e7f85209b85a67c379147af2f51b96e2 installed
perl-parent-1:0.241-1.fc38.noarch 1676458548 9959 aeebb0d16e2b3ca11c310ca0cac91c79 installed
perl-Errno-0:1.36-497.fc38.x86_64 1684234323 9503 0196bea6ce33ecca6c2f1dc8810771c8 installed
perl-File-Basename-0:2.85-497.fc38.noarch 1684234326 15340 f74ca2168a80a7a7c53e4e02875b6aae installed
perl-Getopt-Std-0:1.13-497.fc38.noarch 1684234326 12305 ad82d65d10256eb3c8d6676d0d893e4a installed
perl-Storable-1:3.26-490.fc38.x86_64 1674194884 233354 caa84b7b4cf97c36c7900dbf2582c8c7 installed
perl-overload-0:1.35-497.fc38.noarch 1684234326 73038 a0104d3a9d711028006bda4058a47f9e installed
perl-vars-0:1.05-497.fc38.noarch 1684234326 4927 8964be634be846a0dbfd7d93c30f00f9 installed
perl-Getopt-Long-1:2.54-2.fc38.noarch 1674182550 141332 69e49b042f07cb9aab83cec882b80829 installed
perl-Carp-1.52-490.fc38.noarch 1674178499 47642 a67517b1846f911404d402116fb7ec67 installed
perl-Exporter-5.77-490.fc38.noarch 1674181721 55219 4a93308acfff8079c86715fe483be5ff installed
perl-PathTools-3.84-490.fc38.x86_64 1674192234 179533 6b1f27ef63865d28eb919bb5c9ecf6ea installed
perl-DynaLoader-0:1.52-497.fc38.x86_64 1684234323 33832 cd04d8cde91cdf6c6d01e3575b1b6bb0 installed
perl-Encode-4:3.19-493.fc38.x86_64 1674182055 10238442 1f4ad830b7e9044a7327821b70525168 installed
perl-libs-4:5.36.1-497.fc38.x86_64 1684234323 9167827 a60dc70b354dc55555a0621a3e8c1ff0 installed
perl-interpreter-4:5.36.1-497.fc38.x86_64 1684234323 122734 581c8a993a0a60b0473bffcb7587e36c installed
perl-Error-1:0.17029-11.fc38.noarch 1674181632 79070 4ca059ee0582a33d0eb0da7e6c6fdff3 installed
perl-TermReadKey-2.38-16.fc38.x86_64 1674196209 65983 6e62fd3b7fa97ecf2169c0efae5ecb02 installed
perl-File-Find-0:1.40-497.fc38.noarch 1684234326 39534 e84723661a0bf449eb7d71f75ba2f473 installed
perl-lib-0:0.65-497.fc38.x86_64 1684234323 9673 41761d3ae83e14ec257c382f2004a26b installed
perl-Git-2.41.0-1.fc38.noarch 1686193791 65541 0945fadd9ffd1276d2466f8e6566adf2 installed
git-2.41.0-1.fc38.x86_64 1686193786 87279 4c17e77d6399bf945569488c7da115de installed
gc-8.2.2-3.fc38.x86_64 1674103190 267456 4c3e2b205bd5ddb132801fad0845a332 installed
guile22-2.2.7-7.fc38.x86_64 1674130231 45865017 c7a014e7a4b9e170d535d71ecb6d8263 installed
make-1:4.4-3.fc38.x86_64 1675123147 1854703 4e1f921337fa86c359d7801edb64f879 installed
gcc-13.2.1-1.fc38.x86_64 1690564036 99370173 d5663ee89238cd451f68aac12e4862ee installed
gcc-c++-13.2.1-1.fc38.x86_64 1690564036 35622640 1f15d91bc7ec6d7996713ccb07920e79 installed
clang-16.0.6-2.fc38.x86_64 1689341979 175482 a784ae293cbf591b7d4cc335c1aa709a installed
clang-devel-16.0.6-2.fc38.x86_64 1689341979 22455156 5180c236ce404fae1371f999d20e58e4 installed
postgresql-server-devel-15.1-2.fc38.x86_64 1674210457 5970111 f24f4bc70c1562c31360b0f831683eff installed
annobin-plugin-gcc-12.23-1.fc38.x86_64 1690883258 986431 e780ee6bfd52176efc15b451beb44102 installed
gcc-plugin-annobin-13.2.1-1.fc38.x86_64 1690564036 54266 d9b5d2c16b5a86c5d66de1333eef62ec installed
flex-2.6.4-12.fc38.x86_64 1674099930 927861 4e7748615a9198ffb5ba261736d4df05 installed
readline-devel-8.2-3.fc38.x86_64 1674247147 566237 f038e8295f0e5bec9bee0dcf4c683346 installed
libxslt-devel-1.1.38-1.fc38.x86_64 1683554648 988588 14c46286fd14d4de5905bbb7d58e6ba7 installed
libzstd-devel-1.5.5-1.fc38.x86_64 1680697959 202817 f43fdb1f9a4029231ca66c46f58db765 installed
libcurl-devel-8.0.1-3.fc38.x86_64 1689849105 1420681 96b312ab8d3552efb40c5196713ec006 installed
pam-devel-1.5.2-16.fc38.x86_64 1674178868 167500 119b8f004af0a51acc6d129f8c489eae installed
lz4-devel-1.9.4-2.fc38.x86_64 1674162976 98476 879fd23e1146bb6d121cd7cf5a80ce39 installed
